<?xml version="1.0" encoding="UTF-8"?>
<!-- Generated by org.testng.reporters.JUnitReportReporter -->
<testsuite hostname="Cnu" name="com.GRID.NewTours_LogInTest" tests="2" failures="0" timestamp="16 Nov 2018 02:12:10 GMT" time="77.228" errors="0">
  <testcase name="logIn" time="31.538" classname="com.GRID.NewTours_LogInTest"/>
  <testcase name="logIn" time="45.690" classname="com.GRID.NewTours_LogInTest"/>
</testsuite> <!-- com.GRID.NewTours_LogInTest -->
