<?xml version="1.0" encoding="UTF-8"?>
<!-- Generated by org.testng.reporters.JUnitReportReporter -->
<testsuite hostname="Cnu" name="com.DataDriven.NewTours_NewUserRegistration_TestData" tests="2" failures="0" timestamp="20 Nov 2018 00:58:28 GMT" time="26.649" errors="0">
  <testcase name="userRegistration" time="25.511" classname="com.DataDriven.NewTours_NewUserRegistration_TestData"/>
  <testcase name="register" time="1.138" classname="com.DataDriven.NewTours_NewUserRegistration_TestData"/>
</testsuite> <!-- com.DataDriven.NewTours_NewUserRegistration_TestData -->
