<?xml version="1.0" encoding="UTF-8"?>
<!-- Generated by org.testng.reporters.JUnitReportReporter -->
<testsuite hostname="Cnu" name="com.Annatotions.Annotation1" tests="2" failures="0" timestamp="12 Nov 2018 01:25:49 GMT" time="0.033" errors="0">
  <testcase name="inBox" time="0.002" classname="com.Annatotions.Annotation1"/>
  <testcase name="ApplicationLaunchAndLogIn" time="0.031" classname="com.Annatotions.Annotation1"/>
</testsuite> <!-- com.Annatotions.Annotation1 -->
