<?xml version="1.0" encoding="UTF-8"?>
<!-- Generated by org.testng.reporters.JUnitReportReporter -->
<testsuite hostname="Cnu" name="com.POM.NewTours_HomePageTesting" tests="1" failures="0" timestamp="14 Nov 2018 02:17:43 GMT" time="30.481" errors="0">
  <testcase name="HomePageTest" time="30.481" classname="com.POM.NewTours_HomePageTesting"/>
</testsuite> <!-- com.POM.NewTours_HomePageTesting -->
