<?xml version="1.0" encoding="UTF-8"?>
<!-- Generated by org.testng.reporters.JUnitReportReporter -->
<testsuite hostname="Cnu" name="com.Annatotions.Annotations2" tests="2" failures="0" timestamp="12 Nov 2018 01:28:50 GMT" time="0.019" errors="0">
  <testcase name="composeMail" time="0.006" classname="com.Annatotions.Annotations2"/>
  <testcase name="inBox" time="0.013" classname="com.Annatotions.Annotations2"/>
</testsuite> <!-- com.Annatotions.Annotations2 -->
