<?xml version="1.0" encoding="UTF-8"?>
<!-- Generated by org.testng.reporters.JUnitReportReporter -->
<testsuite hostname="Cnu" name="com.DataDriven.NewTours_NewUserRegistration" tests="2" failures="0" timestamp="12 Nov 2018 01:58:28 GMT" time="8.653" errors="0">
  <testcase name="userRegistration" time="7.697" classname="com.DataDriven.NewTours_NewUserRegistration"/>
  <testcase name="register" time="0.956" classname="com.DataDriven.NewTours_NewUserRegistration"/>
</testsuite> <!-- com.DataDriven.NewTours_NewUserRegistration -->
