<?xml version="1.0" encoding="UTF-8"?>
<!-- Generated by org.testng.reporters.JUnitReportReporter -->
<testsuite hostname="Cnu" name="com.DataDriven.NewTours_LogInTesting" tests="1" failures="0" timestamp="12 Nov 2018 01:43:00 GMT" time="21.685" errors="0">
  <testcase name="logIn" time="21.685" classname="com.DataDriven.NewTours_LogInTesting"/>
</testsuite> <!-- com.DataDriven.NewTours_LogInTesting -->
