<?xml version="1.0" encoding="UTF-8"?>
<!-- Generated by org.testng.reporters.JUnitReportReporter -->
<testsuite hostname="Cnu" name="com.Annatotions.Annotations3" tests="2" failures="0" timestamp="12 Nov 2018 01:32:13 GMT" time="0.038" errors="0">
  <testcase name="composeMail" time="0.019" classname="com.Annatotions.Annotations3"/>
  <testcase name="inBox" time="0.019" classname="com.Annatotions.Annotations3"/>
</testsuite> <!-- com.Annatotions.Annotations3 -->
