<?xml version="1.0" encoding="UTF-8"?>
<!-- Generated by org.testng.reporters.JUnitReportReporter -->
<testsuite hostname="Cnu" name="com.Hybrid.NewTours_LogInTest" tests="1" failures="0" timestamp="20 Nov 2018 00:58:28 GMT" time="53.181" errors="0">
  <testcase name="logIn" time="53.181" classname="com.Hybrid.NewTours_LogInTest"/>
</testsuite> <!-- com.Hybrid.NewTours_LogInTest -->
