<?xml version="1.0" encoding="UTF-8"?>
<!-- Generated by org.testng.reporters.JUnitReportReporter -->
<testsuite skipped="0" hostname="Cnu" name="com.NewTours.NewTours_LogInTest" tests="1" failures="0" timestamp="20 Nov 2018 01:11:58 GMT" time="8.004" errors="0">
  <testcase name="logIn" time="8.004" classname="com.NewTours.NewTours_LogInTest"/>
</testsuite> <!-- com.NewTours.NewTours_LogInTest -->
